{"numTotalTestSuites":2,"numPassedTestSuites":2,"numFailedTestSuites":0,"numPendingTestSuites":0,"numTotalTests":3,"numPassedTests":3,"numFailedTests":0,"numPendingTests":0,"numTodoTests":0,"snapshot":{"added":0,"failure":false,"filesAdded":0,"filesRemoved":0,"filesRemovedList":[],"filesUnmatched":0,"filesUpdated":0,"matched":0,"total":0,"unchecked":0,"uncheckedKeysByFile":[],"unmatched":0,"updated":0,"didUpdate":false},"startTime":1750564451346,"success":true,"testResults":[{"assertionResults":[{"ancestorTitles":[],"fullName":"prueba simple directa","status":"passed","title":"prueba simple directa","duration":2.191899985074997,"failureMessages":[],"meta":{}},{"ancestorTitles":["Suite de pruebas básicas"],"fullName":"Suite de pruebas básicas verifica que true sea true","status":"passed","title":"verifica que true sea true","duration":0.5203000009059906,"failureMessages":[],"meta":{}},{"ancestorTitles":["Suite de pruebas básicas"],"fullName":"Suite de pruebas básicas verifica una suma simple","status":"passed","title":"verifica una suma simple","duration":0.5739999711513519,"failureMessages":[],"meta":{}}],"startTime":1750564452492,"endTime":1750564452495.574,"status":"passed","message":"","name":"C:/Users/cesar/Desktop/Proyecto Apuntes/auth-frontend/src/test/basic.test.ts"}]}