{"numTotalTestSuites":9,"numPassedTestSuites":6,"numFailedTestSuites":3,"numPendingTestSuites":0,"numTotalTests":7,"numPassedTests":6,"numFailedTests":1,"numPendingTests":0,"numTodoTests":0,"snapshot":{"added":0,"failure":false,"filesAdded":0,"filesRemoved":0,"filesRemovedList":[],"filesUnmatched":0,"filesUpdated":0,"matched":0,"total":0,"unchecked":0,"uncheckedKeysByFile":[],"unmatched":0,"updated":0,"didUpdate":false},"startTime":1752091783931,"success":false,"testResults":[{"assertionResults":[{"ancestorTitles":[],"fullName":"prueba simple directa","status":"passed","title":"prueba simple directa","duration":2.5359999984502792,"failureMessages":[],"meta":{}},{"ancestorTitles":["Suite de pruebas básicas"],"fullName":"Suite de pruebas básicas verifica que true sea true","status":"passed","title":"verifica que true sea true","duration":0.5946999937295914,"failureMessages":[],"meta":{}},{"ancestorTitles":["Suite de pruebas básicas"],"fullName":"Suite de pruebas básicas verifica una suma simple","status":"passed","title":"verifica una suma simple","duration":0.5928000062704086,"failureMessages":[],"meta":{}}],"startTime":1752091786510,"endTime":1752091786513.5928,"status":"passed","message":"","name":"C:/Users/cesar/Desktop/Proyecto Apuntes2.0/auth-frontend/src/test/basic.test.ts"},{"assertionResults":[{"ancestorTitles":[],"fullName":"renders simple component","status":"passed","title":"renders simple component","duration":33.95589999854565,"failureMessages":[],"meta":{}},{"ancestorTitles":["SimpleComponent suite"],"fullName":"SimpleComponent suite renders with custom text","status":"passed","title":"renders with custom text","duration":5.784499987959862,"failureMessages":[],"meta":{}}],"startTime":1752091786828,"endTime":1752091786867.7844,"status":"passed","message":"","name":"C:/Users/cesar/Desktop/Proyecto Apuntes2.0/auth-frontend/src/test/SimpleComponent.test.tsx"},{"assertionResults":[],"startTime":1752091783931,"endTime":1752091783931,"status":"failed","message":"AFRAME is not defined","name":"C:/Users/cesar/Desktop/Proyecto Apuntes2.0/auth-frontend/src/features/graph/pages/GraphPage.test.tsx"},{"assertionResults":[{"ancestorTitles":["GraphPage Component"],"fullName":"GraphPage Component renders without crashing","status":"failed","title":"renders without crashing","duration":40.69279998540878,"failureMessages":["Error: Element type is invalid: expected a string (for built-in components) or a class/function (for composite components) but got: undefined. You likely forgot to export your component from the file it's defined in, or you might have mixed up default and named imports.\n\nCheck the render method of `GraphPage`.\n    at createFiberFromTypeAndProps (C:\\Users\\cesar\\Desktop\\Proyecto Apuntes2.0\\auth-frontend\\node_modules\\react-dom\\cjs\\react-dom-client.development.js:4259:28)\n    at createFiberFromElement (C:\\Users\\cesar\\Desktop\\Proyecto Apuntes2.0\\auth-frontend\\node_modules\\react-dom\\cjs\\react-dom-client.development.js:4273:14)\n    at createChild (C:\\Users\\cesar\\Desktop\\Proyecto Apuntes2.0\\auth-frontend\\node_modules\\react-dom\\cjs\\react-dom-client.development.js:7297:26)\n    at reconcileChildrenArray (C:\\Users\\cesar\\Desktop\\Proyecto Apuntes2.0\\auth-frontend\\node_modules\\react-dom\\cjs\\react-dom-client.development.js:7629:25)\n    at reconcileChildFibersImpl (C:\\Users\\cesar\\Desktop\\Proyecto Apuntes2.0\\auth-frontend\\node_modules\\react-dom\\cjs\\react-dom-client.development.js:7952:30)\n    at C:\\Users\\cesar\\Desktop\\Proyecto Apuntes2.0\\auth-frontend\\node_modules\\react-dom\\cjs\\react-dom-client.development.js:8057:33\n    at reconcileChildren (C:\\Users\\cesar\\Desktop\\Proyecto Apuntes2.0\\auth-frontend\\node_modules\\react-dom\\cjs\\react-dom-client.development.js:8621:13)\n    at beginWork (C:\\Users\\cesar\\Desktop\\Proyecto Apuntes2.0\\auth-frontend\\node_modules\\react-dom\\cjs\\react-dom-client.development.js:10793:13)\n    at runWithFiberInDEV (C:\\Users\\cesar\\Desktop\\Proyecto Apuntes2.0\\auth-frontend\\node_modules\\react-dom\\cjs\\react-dom-client.development.js:1522:13)\n    at performUnitOfWork (C:\\Users\\cesar\\Desktop\\Proyecto Apuntes2.0\\auth-frontend\\node_modules\\react-dom\\cjs\\react-dom-client.development.js:15140:22)"],"meta":{}}],"startTime":1752091787836,"endTime":1752091787876.6929,"status":"failed","message":"","name":"C:/Users/cesar/Desktop/Proyecto Apuntes2.0/auth-frontend/src/features/graph/pages/__tests__/GraphPage.test.tsx"},{"assertionResults":[{"ancestorTitles":["Pagination Component"],"fullName":"Pagination Component renders without crashing","status":"passed","title":"renders without crashing","duration":42.330799996852875,"failureMessages":[],"meta":{}}],"startTime":1752091786895,"endTime":1752091786937.3308,"status":"passed","message":"","name":"C:/Users/cesar/Desktop/Proyecto Apuntes2.0/auth-frontend/src/features/notes/components/__tests__/Pagination.test.tsx"}]}